This file contains any messages produced by compilers while
running configure, to aid debugging if configure makes a mistake.

It was created by gdbm configure 1.18.1, which was
generated by GNU Autoconf 2.69.  Invocation command line was

  $ ./configure --disable-dependency-tracking --disable-silent-rules --without-readline --prefix=/home/linuxbrew/.linuxbrew/Cellar/gdbm/1.18.1 --enable-libgdbm-compat CPPFLAGS=-D_GNU_SOURCE

## --------- ##
## Platform. ##
## --------- ##

hostname = flynn-VirtualBox
uname -m = x86_64
uname -r = 4.15.0-20-generic
uname -s = Linux
uname -v = #21-Ubuntu SMP Tue Apr 24 06:16:15 UTC 2018

/usr/bin/uname -p = unknown
/bin/uname -X     = unknown

/bin/arch              = unknown
/usr/bin/arch -k       = unknown
/usr/convex/getsysinfo = unknown
/usr/bin/hostinfo      = unknown
/bin/machine           = unknown
/usr/bin/oslevel       = unknown
/bin/universe          = unknown

PATH: /home/linuxbrew/.linuxbrew/Homebrew/Library/Homebrew/shims/linux/super
PATH: /usr/bin
PATH: /bin
PATH: /usr/sbin
PATH: /sbin


## ----------- ##
## Core tests. ##
## ----------- ##

configure:2638: checking for a BSD-compatible install
configure:2706: result: /usr/bin/install -c
configure:2717: checking whether build environment is sane
configure:2772: result: yes
configure:2923: checking for a thread-safe mkdir -p
configure:2962: result: /bin/mkdir -p
configure:2969: checking for gawk
configure:2985: found /usr/bin/gawk
configure:2996: result: gawk
configure:3007: checking whether make sets $(MAKE)
configure:3029: result: yes
configure:3058: checking whether make supports nested variables
configure:3075: result: yes
configure:3214: checking whether make supports nested variables
configure:3231: result: yes
configure:3324: checking for gcc
configure:3351: result: gcc-7
configure:3580: checking for C compiler version
configure:3589: gcc-7 --version >&5
gcc-7 (Ubuntu 7.3.0-27ubuntu1~18.04) 7.3.0
Copyright (C) 2017 Free Software Foundation, Inc.
This is free software; see the source for copying conditions.  There is NO
warranty; not even for MERCHANTABILITY or FITNESS FOR A PARTICULAR PURPOSE.

configure:3600: $? = 0
configure:3589: gcc-7 -v >&5
Using built-in specs.
COLLECT_GCC=gcc-7
COLLECT_LTO_WRAPPER=/usr/lib/gcc/x86_64-linux-gnu/7/lto-wrapper
OFFLOAD_TARGET_NAMES=nvptx-none
OFFLOAD_TARGET_DEFAULT=1
Target: x86_64-linux-gnu
Configured with: ../src/configure -v --with-pkgversion='Ubuntu 7.3.0-27ubuntu1~18.04' --with-bugurl=file:///usr/share/doc/gcc-7/README.Bugs --enable-languages=c,ada,c++,go,brig,d,fortran,objc,obj-c++ --prefix=/usr --with-gcc-major-version-only --program-suffix=-7 --program-prefix=x86_64-linux-gnu- --enable-shared --enable-linker-build-id --libexecdir=/usr/lib --without-included-gettext --enable-threads=posix --libdir=/usr/lib --enable-nls --with-sysroot=/ --enable-clocale=gnu --enable-libstdcxx-debug --enable-libstdcxx-time=yes --with-default-libstdcxx-abi=new --enable-gnu-unique-object --disable-vtable-verify --enable-libmpx --enable-plugin --enable-default-pie --with-system-zlib --with-target-system-zlib --enable-objc-gc=auto --enable-multiarch --disable-werror --with-arch-32=i686 --with-abi=m64 --with-multilib-list=m32,m64,mx32 --enable-multilib --with-tune=generic --enable-offload-targets=nvptx-none --without-cuda-driver --enable-checking=release --build=x86_64-linux-gnu --host=x86_64-linux-gnu --target=x86_64-linux-gnu
Thread model: posix
gcc version 7.3.0 (Ubuntu 7.3.0-27ubuntu1~18.04) 
configure:3600: $? = 0
configure:3589: gcc-7 -V >&5
gcc-7: error: unrecognized command line option '-V'
configure:3600: $? = 1
configure:3589: gcc-7 -qversion >&5
gcc-7: error: unrecognized command line option '-qversion'; did you mean '--version'?
configure:3600: $? = 1
configure:3620: checking whether the C compiler works
configure:3642: gcc-7  -D_GNU_SOURCE  conftest.c  >&5
configure:3646: $? = 0
configure:3694: result: yes
configure:3697: checking for C compiler default output file name
configure:3699: result: a.out
configure:3705: checking for suffix of executables
configure:3712: gcc-7 -o conftest  -D_GNU_SOURCE  conftest.c  >&5
configure:3716: $? = 0
configure:3738: result: 
configure:3760: checking whether we are cross compiling
configure:3768: gcc-7 -o conftest  -D_GNU_SOURCE  conftest.c  >&5
configure:3772: $? = 0
configure:3779: ./conftest
configure:3783: $? = 0
configure:3798: result: no
configure:3803: checking for suffix of object files
configure:3825: gcc-7 -c  -D_GNU_SOURCE conftest.c >&5
configure:3829: $? = 0
configure:3850: result: o
configure:3854: checking whether we are using the GNU C compiler
configure:3873: gcc-7 -c  -D_GNU_SOURCE conftest.c >&5
configure:3873: $? = 0
configure:3882: result: yes
configure:3891: checking whether gcc-7 accepts -g
configure:3911: gcc-7 -c -g -D_GNU_SOURCE conftest.c >&5
configure:3911: $? = 0
configure:3952: result: yes
configure:3969: checking for gcc-7 option to accept ISO C89
configure:4032: gcc-7  -c -g -O2 -D_GNU_SOURCE conftest.c >&5
configure:4032: $? = 0
configure:4045: result: none needed
configure:4070: checking whether gcc-7 understands -c and -o together
configure:4092: gcc-7 -c conftest.c -o conftest2.o
configure:4095: $? = 0
configure:4092: gcc-7 -c conftest.c -o conftest2.o
configure:4095: $? = 0
configure:4107: result: yes
configure:4135: checking for style of include used by make
configure:4163: result: GNU
configure:4189: checking dependency style of gcc-7
configure:4300: result: none
configure:4320: checking how to run the C preprocessor
configure:4351: gcc-7 -E -D_GNU_SOURCE conftest.c
configure:4351: $? = 0
configure:4365: gcc-7 -E -D_GNU_SOURCE conftest.c
conftest.c:11:10: fatal error: ac_nonexistent.h: No such file or directory
 #include <ac_nonexistent.h>
          ^~~~~~~~~~~~~~~~~~
compilation terminated.
configure:4365: $? = 1
configure: failed program was:
| /* confdefs.h */
| #define PACKAGE_NAME "gdbm"
| #define PACKAGE_TARNAME "gdbm"
| #define PACKAGE_VERSION "1.18.1"
| #define PACKAGE_STRING "gdbm 1.18.1"
| #define PACKAGE_BUGREPORT "bug-gdbm@gnu.org"
| #define PACKAGE_URL "http://www.gnu.org/software/gdbm"
| #define PACKAGE "gdbm"
| #define VERSION "1.18.1"
| /* end confdefs.h.  */
| #include <ac_nonexistent.h>
configure:4390: result: gcc-7 -E
configure:4410: gcc-7 -E -D_GNU_SOURCE conftest.c
configure:4410: $? = 0
configure:4424: gcc-7 -E -D_GNU_SOURCE conftest.c
conftest.c:11:10: fatal error: ac_nonexistent.h: No such file or directory
 #include <ac_nonexistent.h>
          ^~~~~~~~~~~~~~~~~~
compilation terminated.
configure:4424: $? = 1
configure: failed program was:
| /* confdefs.h */
| #define PACKAGE_NAME "gdbm"
| #define PACKAGE_TARNAME "gdbm"
| #define PACKAGE_VERSION "1.18.1"
| #define PACKAGE_STRING "gdbm 1.18.1"
| #define PACKAGE_BUGREPORT "bug-gdbm@gnu.org"
| #define PACKAGE_URL "http://www.gnu.org/software/gdbm"
| #define PACKAGE "gdbm"
| #define VERSION "1.18.1"
| /* end confdefs.h.  */
| #include <ac_nonexistent.h>
configure:4482: checking build system type
configure:4496: result: x86_64-unknown-linux-gnu
configure:4516: checking host system type
configure:4529: result: x86_64-unknown-linux-gnu
configure:4570: checking how to print strings
configure:4597: result: printf
configure:4618: checking for a sed that does not truncate output
configure:4682: result: /bin/sed
configure:4700: checking for grep that handles long lines and -e
configure:4758: result: /bin/grep
configure:4763: checking for egrep
configure:4825: result: /bin/grep -E
configure:4830: checking for fgrep
configure:4892: result: /bin/grep -F
configure:4927: checking for ld used by gcc-7
configure:4994: result: /home/linuxbrew/.linuxbrew/Homebrew/Library/Homebrew/shims/linux/super/ld
configure:5001: checking if the linker (/home/linuxbrew/.linuxbrew/Homebrew/Library/Homebrew/shims/linux/super/ld) is GNU ld
configure:5016: result: yes
configure:5028: checking for BSD- or MS-compatible name lister (nm)
configure:5077: result: /usr/bin/nm -B
configure:5207: checking the name lister (/usr/bin/nm -B) interface
configure:5214: gcc-7 -c -g -O2 -D_GNU_SOURCE conftest.c >&5
configure:5217: /usr/bin/nm -B "conftest.o"
configure:5220: output
0000000000000000 B some_variable
configure:5227: result: BSD nm
configure:5230: checking whether ln -s works
configure:5234: result: yes
configure:5242: checking the maximum length of command line arguments
configure:5372: result: 1572864
configure:5389: checking whether the shell understands some XSI constructs
configure:5399: result: yes
configure:5403: checking whether the shell understands "+="
configure:5409: result: yes
configure:5444: checking how to convert x86_64-unknown-linux-gnu file names to x86_64-unknown-linux-gnu format
configure:5484: result: func_convert_file_noop
configure:5491: checking how to convert x86_64-unknown-linux-gnu file names to toolchain format
configure:5511: result: func_convert_file_noop
configure:5518: checking for /home/linuxbrew/.linuxbrew/Homebrew/Library/Homebrew/shims/linux/super/ld option to reload object files
configure:5525: result: -r
configure:5599: checking for objdump
configure:5615: found /usr/bin/objdump
configure:5626: result: objdump
configure:5658: checking how to recognize dependent libraries
configure:5860: result: pass_all
configure:5945: checking for dlltool
configure:5975: result: no
configure:6005: checking how to associate runtime and link libraries
configure:6032: result: printf %s\n
configure:6093: checking for ar
configure:6109: found /usr/bin/ar
configure:6120: result: ar
configure:6157: checking for archiver @FILE support
configure:6174: gcc-7 -c -g -O2 -D_GNU_SOURCE conftest.c >&5
configure:6174: $? = 0
configure:6177: ar cru libconftest.a @conftest.lst >&5
ar: `u' modifier ignored since `D' is the default (see `U')
configure:6180: $? = 0
configure:6185: ar cru libconftest.a @conftest.lst >&5
ar: `u' modifier ignored since `D' is the default (see `U')
ar: conftest.o: No such file or directory
configure:6188: $? = 1
configure:6200: result: @
configure:6258: checking for strip
configure:6274: found /usr/bin/strip
configure:6285: result: strip
configure:6357: checking for ranlib
configure:6373: found /usr/bin/ranlib
configure:6384: result: ranlib
configure:6486: checking command to parse /usr/bin/nm -B output from gcc-7 object
configure:6606: gcc-7 -c -g -O2 -D_GNU_SOURCE conftest.c >&5
configure:6609: $? = 0
configure:6613: /usr/bin/nm -B conftest.o \| sed -n -e 's/^.*[ ]\([ABCDGIRSTW][ABCDGIRSTW]*\)[ ][ ]*\([_A-Za-z][_A-Za-z0-9]*\)$/\1 \2 \2/p' | sed '/ __gnu_lto/d' \> conftest.nm
configure:6616: $? = 0
configure:6682: gcc-7 -o conftest -g -O2 -D_GNU_SOURCE  conftest.c conftstm.o >&5
configure:6685: $? = 0
configure:6723: result: ok
configure:6760: checking for sysroot
configure:6790: result: no
configure:6867: gcc-7 -c -g -O2 -D_GNU_SOURCE conftest.c >&5
configure:6870: $? = 0
configure:7046: checking for mt
configure:7062: found /bin/mt
configure:7073: result: mt
configure:7096: checking if mt is a manifest tool
configure:7102: mt '-?'
configure:7110: result: no
configure:7748: checking for ANSI C header files
configure:7768: gcc-7 -c -g -O2 -D_GNU_SOURCE conftest.c >&5
configure:7768: $? = 0
configure:7841: gcc-7 -o conftest -g -O2 -D_GNU_SOURCE  conftest.c  >&5
configure:7841: $? = 0
configure:7841: ./conftest
configure:7841: $? = 0
configure:7852: result: yes
configure:7865: checking for sys/types.h
configure:7865: gcc-7 -c -g -O2 -D_GNU_SOURCE conftest.c >&5
configure:7865: $? = 0
configure:7865: result: yes
configure:7865: checking for sys/stat.h
configure:7865: gcc-7 -c -g -O2 -D_GNU_SOURCE conftest.c >&5
configure:7865: $? = 0
configure:7865: result: yes
configure:7865: checking for stdlib.h
configure:7865: gcc-7 -c -g -O2 -D_GNU_SOURCE conftest.c >&5
configure:7865: $? = 0
configure:7865: result: yes
configure:7865: checking for string.h
configure:7865: gcc-7 -c -g -O2 -D_GNU_SOURCE conftest.c >&5
configure:7865: $? = 0
configure:7865: result: yes
configure:7865: checking for memory.h
configure:7865: gcc-7 -c -g -O2 -D_GNU_SOURCE conftest.c >&5
configure:7865: $? = 0
configure:7865: result: yes
configure:7865: checking for strings.h
configure:7865: gcc-7 -c -g -O2 -D_GNU_SOURCE conftest.c >&5
configure:7865: $? = 0
configure:7865: result: yes
configure:7865: checking for inttypes.h
configure:7865: gcc-7 -c -g -O2 -D_GNU_SOURCE conftest.c >&5
configure:7865: $? = 0
configure:7865: result: yes
configure:7865: checking for stdint.h
configure:7865: gcc-7 -c -g -O2 -D_GNU_SOURCE conftest.c >&5
configure:7865: $? = 0
configure:7865: result: yes
configure:7865: checking for unistd.h
configure:7865: gcc-7 -c -g -O2 -D_GNU_SOURCE conftest.c >&5
configure:7865: $? = 0
configure:7865: result: yes
configure:7879: checking for dlfcn.h
configure:7879: gcc-7 -c -g -O2 -D_GNU_SOURCE conftest.c >&5
configure:7879: $? = 0
configure:7879: result: yes
configure:8085: checking for objdir
configure:8100: result: .libs
configure:8371: checking if gcc-7 supports -fno-rtti -fno-exceptions
configure:8389: gcc-7 -c -g -O2 -D_GNU_SOURCE -fno-rtti -fno-exceptions conftest.c >&5
cc1: warning: command line option '-fno-rtti' is valid for C++/ObjC++ but not for C
configure:8393: $? = 0
configure:8406: result: no
configure:8733: checking for gcc-7 option to produce PIC
configure:8740: result: -fPIC -DPIC
configure:8748: checking if gcc-7 PIC flag -fPIC -DPIC works
configure:8766: gcc-7 -c -g -O2 -D_GNU_SOURCE -fPIC -DPIC -DPIC conftest.c >&5
configure:8770: $? = 0
configure:8783: result: yes
configure:8812: checking if gcc-7 static flag -static works
configure:8840: result: yes
configure:8855: checking if gcc-7 supports -c -o file.o
configure:8876: gcc-7 -c -g -O2 -D_GNU_SOURCE -o out/conftest2.o conftest.c >&5
configure:8880: $? = 0
configure:8902: result: yes
configure:8910: checking if gcc-7 supports -c -o file.o
configure:8957: result: yes
configure:8990: checking whether the gcc-7 linker (/home/linuxbrew/.linuxbrew/Homebrew/Library/Homebrew/shims/linux/super/ld -m elf_x86_64) supports shared libraries
configure:10143: result: yes
configure:10180: checking whether -lc should be explicitly linked in
configure:10188: gcc-7 -c -g -O2 -D_GNU_SOURCE conftest.c >&5
configure:10191: $? = 0
configure:10206: gcc-7 -shared  -fPIC -DPIC conftest.o  -v -Wl,-soname -Wl,conftest -o conftest 2\>\&1 \| /bin/grep  -lc  \>/dev/null 2\>\&1
configure:10209: $? = 0
configure:10223: result: no
configure:10383: checking dynamic linker characteristics
configure:10894: gcc-7 -o conftest -g -O2 -D_GNU_SOURCE  -Wl,-rpath -Wl,/foo conftest.c  >&5
configure:10894: $? = 0
configure:11116: result: GNU/Linux ld.so
configure:11223: checking how to hardcode library paths into programs
configure:11248: result: immediate
configure:11788: checking whether stripping libraries is possible
configure:11793: result: yes
configure:11828: checking if libtool supports shared libraries
configure:11830: result: yes
configure:11833: checking whether to build shared libraries
configure:11854: result: yes
configure:11857: checking whether to build static libraries
configure:11861: result: yes
configure:11902: checking for bison
configure:11932: result: no
configure:11902: checking for byacc
configure:11932: result: no
configure:11945: checking for flex
configure:11975: result: no
configure:11945: checking for lex
configure:11975: result: no
configure:12104: checking for gzip
configure:12122: found /bin/gzip
configure:12134: result: /bin/gzip
configure:12145: checking for base64
configure:12163: found /usr/bin/base64
configure:12175: result: /usr/bin/base64
configure:12191: checking for special C compiler options needed for large files
configure:12236: result: no
configure:12242: checking for _FILE_OFFSET_BITS value needed for large files
configure:12267: gcc-7 -c -g -O2 -D_GNU_SOURCE conftest.c >&5
configure:12267: $? = 0
configure:12299: result: no
configure:12384: checking for an ANSI C-conforming const
configure:12450: gcc-7 -c -g -O2 -D_GNU_SOURCE conftest.c >&5
configure:12450: $? = 0
configure:12457: result: yes
configure:12466: checking for unsigned long long int
configure:12503: gcc-7 -o conftest -g -O2 -D_GNU_SOURCE  conftest.c  >&5
configure:12503: $? = 0
configure:12511: result: yes
configure:12527: checking for TLS qualifier
configure:12540: gcc-7 -c -g -O2 -D_GNU_SOURCE conftest.c >&5
configure:12540: $? = 0
configure:12546: result: __thread
configure:12562: checking whether NLS is requested
configure:12571: result: yes
configure:12612: checking for msgfmt
configure: trying /usr/bin/msgfmt...
0 translated messages.
configure:12644: result: /usr/bin/msgfmt
configure:12653: checking for gmsgfmt
configure:12684: result: /usr/bin/msgfmt
configure:12735: checking for xgettext
configure: trying /usr/bin/xgettext...
/usr/bin/xgettext: warning: file '/dev/null' extension '' is unknown; will try C
configure:12767: result: /usr/bin/xgettext
configure:12813: checking for msgmerge
configure: trying /usr/bin/msgmerge...
configure:12844: result: /usr/bin/msgmerge
configure:12901: checking for ld used by GCC
configure:12965: result: /home/linuxbrew/.linuxbrew/Homebrew/Library/Homebrew/shims/linux/super/ld -m elf_x86_64
configure:12972: checking if the linker (/home/linuxbrew/.linuxbrew/Homebrew/Library/Homebrew/shims/linux/super/ld -m elf_x86_64) is GNU ld
configure:12985: result: yes
configure:12992: checking for shared library run path origin
configure:13005: result: done
configure:13577: checking for CFPreferencesCopyAppValue
configure:13595: gcc-7 -o conftest -g -O2 -D_GNU_SOURCE  conftest.c  -Wl,-framework -Wl,CoreFoundation >&5
conftest.c:25:10: fatal error: CoreFoundation/CFPreferences.h: No such file or directory
 #include <CoreFoundation/CFPreferences.h>
          ^~~~~~~~~~~~~~~~~~~~~~~~~~~~~~~~
compilation terminated.
configure:13595: $? = 1
configure: failed program was:
| /* confdefs.h */
| #define PACKAGE_NAME "gdbm"
| #define PACKAGE_TARNAME "gdbm"
| #define PACKAGE_VERSION "1.18.1"
| #define PACKAGE_STRING "gdbm 1.18.1"
| #define PACKAGE_BUGREPORT "bug-gdbm@gnu.org"
| #define PACKAGE_URL "http://www.gnu.org/software/gdbm"
| #define PACKAGE "gdbm"
| #define VERSION "1.18.1"
| #define STDC_HEADERS 1
| #define HAVE_SYS_TYPES_H 1
| #define HAVE_SYS_STAT_H 1
| #define HAVE_STDLIB_H 1
| #define HAVE_STRING_H 1
| #define HAVE_MEMORY_H 1
| #define HAVE_STRINGS_H 1
| #define HAVE_INTTYPES_H 1
| #define HAVE_STDINT_H 1
| #define HAVE_UNISTD_H 1
| #define HAVE_DLFCN_H 1
| #define LT_OBJDIR ".libs/"
| #define HAVE_UNSIGNED_LONG_LONG_INT 1
| #define GDBM_THREAD_LOCAL __thread
| /* end confdefs.h.  */
| #include <CoreFoundation/CFPreferences.h>
| int
| main ()
| {
| CFPreferencesCopyAppValue(NULL, NULL)
|   ;
|   return 0;
| }
configure:13604: result: no
configure:13611: checking for CFLocaleCopyCurrent
configure:13629: gcc-7 -o conftest -g -O2 -D_GNU_SOURCE  conftest.c  -Wl,-framework -Wl,CoreFoundation >&5
conftest.c:25:10: fatal error: CoreFoundation/CFLocale.h: No such file or directory
 #include <CoreFoundation/CFLocale.h>
          ^~~~~~~~~~~~~~~~~~~~~~~~~~~
compilation terminated.
configure:13629: $? = 1
configure: failed program was:
| /* confdefs.h */
| #define PACKAGE_NAME "gdbm"
| #define PACKAGE_TARNAME "gdbm"
| #define PACKAGE_VERSION "1.18.1"
| #define PACKAGE_STRING "gdbm 1.18.1"
| #define PACKAGE_BUGREPORT "bug-gdbm@gnu.org"
| #define PACKAGE_URL "http://www.gnu.org/software/gdbm"
| #define PACKAGE "gdbm"
| #define VERSION "1.18.1"
| #define STDC_HEADERS 1
| #define HAVE_SYS_TYPES_H 1
| #define HAVE_SYS_STAT_H 1
| #define HAVE_STDLIB_H 1
| #define HAVE_STRING_H 1
| #define HAVE_MEMORY_H 1
| #define HAVE_STRINGS_H 1
| #define HAVE_INTTYPES_H 1
| #define HAVE_STDINT_H 1
| #define HAVE_UNISTD_H 1
| #define HAVE_DLFCN_H 1
| #define LT_OBJDIR ".libs/"
| #define HAVE_UNSIGNED_LONG_LONG_INT 1
| #define GDBM_THREAD_LOCAL __thread
| /* end confdefs.h.  */
| #include <CoreFoundation/CFLocale.h>
| int
| main ()
| {
| CFLocaleCopyCurrent();
|   ;
|   return 0;
| }
configure:13638: result: no
configure:13687: checking for GNU gettext in libc
configure:13707: gcc-7 -o conftest -g -O2 -D_GNU_SOURCE  conftest.c  >&5
configure:13707: $? = 0
configure:13716: result: yes
configure:14507: checking whether to use NLS
configure:14509: result: yes
configure:14512: checking where the gettext function comes from
configure:14523: result: libc
configure:14585: checking sys/file.h usability
configure:14585: gcc-7 -c -g -O2 -D_GNU_SOURCE conftest.c >&5
configure:14585: $? = 0
configure:14585: result: yes
configure:14585: checking sys/file.h presence
configure:14585: gcc-7 -E -D_GNU_SOURCE conftest.c
configure:14585: $? = 0
configure:14585: result: yes
configure:14585: checking for sys/file.h
configure:14585: result: yes
configure:14585: checking sys/termios.h usability
configure:14585: gcc-7 -c -g -O2 -D_GNU_SOURCE conftest.c >&5
configure:14585: $? = 0
configure:14585: result: yes
configure:14585: checking sys/termios.h presence
configure:14585: gcc-7 -E -D_GNU_SOURCE conftest.c
configure:14585: $? = 0
configure:14585: result: yes
configure:14585: checking for sys/termios.h
configure:14585: result: yes
configure:14585: checking for string.h
configure:14585: result: yes
configure:14585: checking locale.h usability
configure:14585: gcc-7 -c -g -O2 -D_GNU_SOURCE conftest.c >&5
configure:14585: $? = 0
configure:14585: result: yes
configure:14585: checking locale.h presence
configure:14585: gcc-7 -E -D_GNU_SOURCE conftest.c
configure:14585: $? = 0
configure:14585: result: yes
configure:14585: checking for locale.h
configure:14585: result: yes
configure:14585: checking getopt.h usability
configure:14585: gcc-7 -c -g -O2 -D_GNU_SOURCE conftest.c >&5
configure:14585: $? = 0
configure:14585: result: yes
configure:14585: checking getopt.h presence
configure:14585: gcc-7 -E -D_GNU_SOURCE conftest.c
configure:14585: $? = 0
configure:14585: result: yes
configure:14585: checking for getopt.h
configure:14585: result: yes
configure:14596: checking for main in -ldbm
configure:14615: gcc-7 -o conftest -g -O2 -D_GNU_SOURCE  conftest.c -ldbm   >&5
/usr/bin/ld: cannot find -ldbm
collect2: error: ld returned 1 exit status
configure:14615: $? = 1
configure: failed program was:
| /* confdefs.h */
| #define PACKAGE_NAME "gdbm"
| #define PACKAGE_TARNAME "gdbm"
| #define PACKAGE_VERSION "1.18.1"
| #define PACKAGE_STRING "gdbm 1.18.1"
| #define PACKAGE_BUGREPORT "bug-gdbm@gnu.org"
| #define PACKAGE_URL "http://www.gnu.org/software/gdbm"
| #define PACKAGE "gdbm"
| #define VERSION "1.18.1"
| #define STDC_HEADERS 1
| #define HAVE_SYS_TYPES_H 1
| #define HAVE_SYS_STAT_H 1
| #define HAVE_STDLIB_H 1
| #define HAVE_STRING_H 1
| #define HAVE_MEMORY_H 1
| #define HAVE_STRINGS_H 1
| #define HAVE_INTTYPES_H 1
| #define HAVE_STDINT_H 1
| #define HAVE_UNISTD_H 1
| #define HAVE_DLFCN_H 1
| #define LT_OBJDIR ".libs/"
| #define HAVE_UNSIGNED_LONG_LONG_INT 1
| #define GDBM_THREAD_LOCAL __thread
| #define ENABLE_NLS 1
| #define HAVE_GETTEXT 1
| #define HAVE_DCGETTEXT 1
| #define HAVE_SYS_FILE_H 1
| #define HAVE_SYS_TERMIOS_H 1
| #define HAVE_STRING_H 1
| #define HAVE_LOCALE_H 1
| #define HAVE_GETOPT_H 1
| /* end confdefs.h.  */
| 
| 
| int
| main ()
| {
| return main ();
|   ;
|   return 0;
| }
configure:14624: result: no
configure:14635: checking for main in -lndbm
configure:14654: gcc-7 -o conftest -g -O2 -D_GNU_SOURCE  conftest.c -lndbm   >&5
/usr/bin/ld: cannot find -lndbm
collect2: error: ld returned 1 exit status
configure:14654: $? = 1
configure: failed program was:
| /* confdefs.h */
| #define PACKAGE_NAME "gdbm"
| #define PACKAGE_TARNAME "gdbm"
| #define PACKAGE_VERSION "1.18.1"
| #define PACKAGE_STRING "gdbm 1.18.1"
| #define PACKAGE_BUGREPORT "bug-gdbm@gnu.org"
| #define PACKAGE_URL "http://www.gnu.org/software/gdbm"
| #define PACKAGE "gdbm"
| #define VERSION "1.18.1"
| #define STDC_HEADERS 1
| #define HAVE_SYS_TYPES_H 1
| #define HAVE_SYS_STAT_H 1
| #define HAVE_STDLIB_H 1
| #define HAVE_STRING_H 1
| #define HAVE_MEMORY_H 1
| #define HAVE_STRINGS_H 1
| #define HAVE_INTTYPES_H 1
| #define HAVE_STDINT_H 1
| #define HAVE_UNISTD_H 1
| #define HAVE_DLFCN_H 1
| #define LT_OBJDIR ".libs/"
| #define HAVE_UNSIGNED_LONG_LONG_INT 1
| #define GDBM_THREAD_LOCAL __thread
| #define ENABLE_NLS 1
| #define HAVE_GETTEXT 1
| #define HAVE_DCGETTEXT 1
| #define HAVE_SYS_FILE_H 1
| #define HAVE_SYS_TERMIOS_H 1
| #define HAVE_STRING_H 1
| #define HAVE_LOCALE_H 1
| #define HAVE_GETOPT_H 1
| /* end confdefs.h.  */
| 
| 
| int
| main ()
| {
| return main ();
|   ;
|   return 0;
| }
configure:14663: result: no
configure:14677: checking for ftruncate
configure:14677: gcc-7 -o conftest -g -O2 -D_GNU_SOURCE  conftest.c  >&5
configure:14677: $? = 0
configure:14677: result: yes
configure:14677: checking for flock
configure:14677: gcc-7 -o conftest -g -O2 -D_GNU_SOURCE  conftest.c  >&5
configure:14677: $? = 0
configure:14677: result: yes
configure:14677: checking for lockf
configure:14677: gcc-7 -o conftest -g -O2 -D_GNU_SOURCE  conftest.c  >&5
configure:14677: $? = 0
configure:14677: result: yes
configure:14677: checking for fsync
configure:14677: gcc-7 -o conftest -g -O2 -D_GNU_SOURCE  conftest.c  >&5
configure:14677: $? = 0
configure:14677: result: yes
configure:14677: checking for setlocale
configure:14677: gcc-7 -o conftest -g -O2 -D_GNU_SOURCE  conftest.c  >&5
configure:14677: $? = 0
configure:14677: result: yes
configure:14677: checking for getopt_long
configure:14677: gcc-7 -o conftest -g -O2 -D_GNU_SOURCE  conftest.c  >&5
configure:14677: $? = 0
configure:14677: result: yes
configure:14695: checking for stdlib.h
configure:14695: result: yes
configure:14695: checking for unistd.h
configure:14695: result: yes
configure:14695: checking for sys/param.h
configure:14695: gcc-7 -c -g -O2 -D_GNU_SOURCE conftest.c >&5
configure:14695: $? = 0
configure:14695: result: yes
configure:14715: checking for getpagesize
configure:14715: gcc-7 -o conftest -g -O2 -D_GNU_SOURCE  conftest.c  >&5
configure:14715: $? = 0
configure:14715: result: yes
configure:14724: checking for working mmap
configure:14871: gcc-7 -o conftest -g -O2 -D_GNU_SOURCE  conftest.c  >&5
configure:14871: $? = 0
configure:14871: ./conftest
configure:14871: $? = 0
configure:14881: result: yes
configure:14892: checking for msync
configure:14892: gcc-7 -o conftest -g -O2 -D_GNU_SOURCE  conftest.c  >&5
configure:14892: $? = 0
configure:14892: result: yes
configure:14902: checking for off_t
configure:14902: gcc-7 -c -g -O2 -D_GNU_SOURCE conftest.c >&5
configure:14902: $? = 0
configure:14902: gcc-7 -c -g -O2 -D_GNU_SOURCE conftest.c >&5
conftest.c: In function 'main':
conftest.c:81:20: error: expected expression before ')' token
 if (sizeof ((off_t)))
                    ^
configure:14902: $? = 1
configure: failed program was:
| /* confdefs.h */
| #define PACKAGE_NAME "gdbm"
| #define PACKAGE_TARNAME "gdbm"
| #define PACKAGE_VERSION "1.18.1"
| #define PACKAGE_STRING "gdbm 1.18.1"
| #define PACKAGE_BUGREPORT "bug-gdbm@gnu.org"
| #define PACKAGE_URL "http://www.gnu.org/software/gdbm"
| #define PACKAGE "gdbm"
| #define VERSION "1.18.1"
| #define STDC_HEADERS 1
| #define HAVE_SYS_TYPES_H 1
| #define HAVE_SYS_STAT_H 1
| #define HAVE_STDLIB_H 1
| #define HAVE_STRING_H 1
| #define HAVE_MEMORY_H 1
| #define HAVE_STRINGS_H 1
| #define HAVE_INTTYPES_H 1
| #define HAVE_STDINT_H 1
| #define HAVE_UNISTD_H 1
| #define HAVE_DLFCN_H 1
| #define LT_OBJDIR ".libs/"
| #define HAVE_UNSIGNED_LONG_LONG_INT 1
| #define GDBM_THREAD_LOCAL __thread
| #define ENABLE_NLS 1
| #define HAVE_GETTEXT 1
| #define HAVE_DCGETTEXT 1
| #define HAVE_SYS_FILE_H 1
| #define HAVE_SYS_TERMIOS_H 1
| #define HAVE_STRING_H 1
| #define HAVE_LOCALE_H 1
| #define HAVE_GETOPT_H 1
| #define HAVE_FTRUNCATE 1
| #define HAVE_FLOCK 1
| #define HAVE_LOCKF 1
| #define HAVE_FSYNC 1
| #define HAVE_SETLOCALE 1
| #define HAVE_GETOPT_LONG 1
| #define HAVE_STDLIB_H 1
| #define HAVE_UNISTD_H 1
| #define HAVE_SYS_PARAM_H 1
| #define HAVE_GETPAGESIZE 1
| #define HAVE_MMAP 1
| #define HAVE_MSYNC 1
| /* end confdefs.h.  */
| #include <stdio.h>
| #ifdef HAVE_SYS_TYPES_H
| # include <sys/types.h>
| #endif
| #ifdef HAVE_SYS_STAT_H
| # include <sys/stat.h>
| #endif
| #ifdef STDC_HEADERS
| # include <stdlib.h>
| # include <stddef.h>
| #else
| # ifdef HAVE_STDLIB_H
| #  include <stdlib.h>
| # endif
| #endif
| #ifdef HAVE_STRING_H
| # if !defined STDC_HEADERS && defined HAVE_MEMORY_H
| #  include <memory.h>
| # endif
| # include <string.h>
| #endif
| #ifdef HAVE_STRINGS_H
| # include <strings.h>
| #endif
| #ifdef HAVE_INTTYPES_H
| # include <inttypes.h>
| #endif
| #ifdef HAVE_STDINT_H
| # include <stdint.h>
| #endif
| #ifdef HAVE_UNISTD_H
| # include <unistd.h>
| #endif
| int
| main ()
| {
| if (sizeof ((off_t)))
| 	    return 0;
|   ;
|   return 0;
| }
configure:14902: result: yes
configure:14917: checking size of off_t
configure:14922: gcc-7 -o conftest -g -O2 -D_GNU_SOURCE  conftest.c  >&5
configure:14922: $? = 0
configure:14922: ./conftest
configure:14922: $? = 0
configure:14936: result: 8
configure:14946: checking for struct stat.st_blksize
configure:14946: gcc-7 -c -g -O2 -D_GNU_SOURCE conftest.c >&5
configure:14946: $? = 0
configure:14946: result: yes
configure:14970: checking for tputs in -lncurses
configure:14995: gcc-7 -o conftest -g -O2 -D_GNU_SOURCE  conftest.c -lncurses   >&5
/usr/bin/ld: cannot find -lncurses
collect2: error: ld returned 1 exit status
configure:14995: $? = 1
configure: failed program was:
| /* confdefs.h */
| #define PACKAGE_NAME "gdbm"
| #define PACKAGE_TARNAME "gdbm"
| #define PACKAGE_VERSION "1.18.1"
| #define PACKAGE_STRING "gdbm 1.18.1"
| #define PACKAGE_BUGREPORT "bug-gdbm@gnu.org"
| #define PACKAGE_URL "http://www.gnu.org/software/gdbm"
| #define PACKAGE "gdbm"
| #define VERSION "1.18.1"
| #define STDC_HEADERS 1
| #define HAVE_SYS_TYPES_H 1
| #define HAVE_SYS_STAT_H 1
| #define HAVE_STDLIB_H 1
| #define HAVE_STRING_H 1
| #define HAVE_MEMORY_H 1
| #define HAVE_STRINGS_H 1
| #define HAVE_INTTYPES_H 1
| #define HAVE_STDINT_H 1
| #define HAVE_UNISTD_H 1
| #define HAVE_DLFCN_H 1
| #define LT_OBJDIR ".libs/"
| #define HAVE_UNSIGNED_LONG_LONG_INT 1
| #define GDBM_THREAD_LOCAL __thread
| #define ENABLE_NLS 1
| #define HAVE_GETTEXT 1
| #define HAVE_DCGETTEXT 1
| #define HAVE_SYS_FILE_H 1
| #define HAVE_SYS_TERMIOS_H 1
| #define HAVE_STRING_H 1
| #define HAVE_LOCALE_H 1
| #define HAVE_GETOPT_H 1
| #define HAVE_FTRUNCATE 1
| #define HAVE_FLOCK 1
| #define HAVE_LOCKF 1
| #define HAVE_FSYNC 1
| #define HAVE_SETLOCALE 1
| #define HAVE_GETOPT_LONG 1
| #define HAVE_STDLIB_H 1
| #define HAVE_UNISTD_H 1
| #define HAVE_SYS_PARAM_H 1
| #define HAVE_GETPAGESIZE 1
| #define HAVE_MMAP 1
| #define HAVE_MSYNC 1
| #define SIZEOF_OFF_T 8
| #define HAVE_STRUCT_STAT_ST_BLKSIZE 1
| /* end confdefs.h.  */
| 
| /* Override any GCC internal prototype to avoid an error.
|    Use char because int might match the return type of a GCC
|    builtin and then its argument prototype would still apply.  */
| #ifdef __cplusplus
| extern "C"
| #endif
| char tputs ();
| int
| main ()
| {
| return tputs ();
|   ;
|   return 0;
| }
configure:15005: result: no
configure:14970: checking for tputs in -lcurses
configure:14995: gcc-7 -o conftest -g -O2 -D_GNU_SOURCE  conftest.c -lcurses   >&5
/usr/bin/ld: cannot find -lcurses
collect2: error: ld returned 1 exit status
configure:14995: $? = 1
configure: failed program was:
| /* confdefs.h */
| #define PACKAGE_NAME "gdbm"
| #define PACKAGE_TARNAME "gdbm"
| #define PACKAGE_VERSION "1.18.1"
| #define PACKAGE_STRING "gdbm 1.18.1"
| #define PACKAGE_BUGREPORT "bug-gdbm@gnu.org"
| #define PACKAGE_URL "http://www.gnu.org/software/gdbm"
| #define PACKAGE "gdbm"
| #define VERSION "1.18.1"
| #define STDC_HEADERS 1
| #define HAVE_SYS_TYPES_H 1
| #define HAVE_SYS_STAT_H 1
| #define HAVE_STDLIB_H 1
| #define HAVE_STRING_H 1
| #define HAVE_MEMORY_H 1
| #define HAVE_STRINGS_H 1
| #define HAVE_INTTYPES_H 1
| #define HAVE_STDINT_H 1
| #define HAVE_UNISTD_H 1
| #define HAVE_DLFCN_H 1
| #define LT_OBJDIR ".libs/"
| #define HAVE_UNSIGNED_LONG_LONG_INT 1
| #define GDBM_THREAD_LOCAL __thread
| #define ENABLE_NLS 1
| #define HAVE_GETTEXT 1
| #define HAVE_DCGETTEXT 1
| #define HAVE_SYS_FILE_H 1
| #define HAVE_SYS_TERMIOS_H 1
| #define HAVE_STRING_H 1
| #define HAVE_LOCALE_H 1
| #define HAVE_GETOPT_H 1
| #define HAVE_FTRUNCATE 1
| #define HAVE_FLOCK 1
| #define HAVE_LOCKF 1
| #define HAVE_FSYNC 1
| #define HAVE_SETLOCALE 1
| #define HAVE_GETOPT_LONG 1
| #define HAVE_STDLIB_H 1
| #define HAVE_UNISTD_H 1
| #define HAVE_SYS_PARAM_H 1
| #define HAVE_GETPAGESIZE 1
| #define HAVE_MMAP 1
| #define HAVE_MSYNC 1
| #define SIZEOF_OFF_T 8
| #define HAVE_STRUCT_STAT_ST_BLKSIZE 1
| /* end confdefs.h.  */
| 
| /* Override any GCC internal prototype to avoid an error.
|    Use char because int might match the return type of a GCC
|    builtin and then its argument prototype would still apply.  */
| #ifdef __cplusplus
| extern "C"
| #endif
| char tputs ();
| int
| main ()
| {
| return tputs ();
|   ;
|   return 0;
| }
configure:15005: result: no
configure:14970: checking for tputs in -ltermcap
configure:14995: gcc-7 -o conftest -g -O2 -D_GNU_SOURCE  conftest.c -ltermcap   >&5
configure:14995: $? = 0
configure:15005: result: yes
configure:15296: checking that generated files are newer than configure
configure:15302: result: done
configure:15341: creating ./config.status

## ---------------------- ##
## Running config.status. ##
## ---------------------- ##

This file was extended by gdbm config.status 1.18.1, which was
generated by GNU Autoconf 2.69.  Invocation command line was

  CONFIG_FILES    = 
  CONFIG_HEADERS  = 
  CONFIG_LINKS    = 
  CONFIG_COMMANDS = 
  $ ./config.status 

on flynn-VirtualBox

config.status:1171: creating tests/Makefile
config.status:1171: creating tests/atlocal
config.status:1171: creating po/Makefile.in
config.status:1171: creating Makefile
config.status:1171: creating src/Makefile
config.status:1171: creating src/gdbm.h
config.status:1171: creating doc/Makefile
config.status:1171: creating compat/Makefile
config.status:1171: creating autoconf.h
config.status:1400: executing depfiles commands
config.status:1400: executing libtool commands
config.status:1400: executing po-directories commands
config.status:1400: executing tests/atconfig commands
config.status:1400: executing status commands

## ---------------- ##
## Cache variables. ##
## ---------------- ##

ac_cv_build=x86_64-unknown-linux-gnu
ac_cv_c_compiler_gnu=yes
ac_cv_c_const=yes
ac_cv_env_BASE64_BIN_set=
ac_cv_env_BASE64_BIN_value=
ac_cv_env_CC_set=set
ac_cv_env_CC_value=gcc-7
ac_cv_env_CFLAGS_set=
ac_cv_env_CFLAGS_value=
ac_cv_env_COMPATINCLUDEDIR_set=
ac_cv_env_COMPATINCLUDEDIR_value=
ac_cv_env_CPPFLAGS_set=set
ac_cv_env_CPPFLAGS_value=-D_GNU_SOURCE
ac_cv_env_CPP_set=
ac_cv_env_CPP_value=
ac_cv_env_GZIP_BIN_set=
ac_cv_env_GZIP_BIN_value=
ac_cv_env_LDFLAGS_set=
ac_cv_env_LDFLAGS_value=
ac_cv_env_LIBS_set=
ac_cv_env_LIBS_value=
ac_cv_env_YACC_set=
ac_cv_env_YACC_value=
ac_cv_env_YFLAGS_set=
ac_cv_env_YFLAGS_value=
ac_cv_env_build_alias_set=
ac_cv_env_build_alias_value=
ac_cv_env_host_alias_set=
ac_cv_env_host_alias_value=
ac_cv_env_target_alias_set=
ac_cv_env_target_alias_value=
ac_cv_func_flock=yes
ac_cv_func_fsync=yes
ac_cv_func_ftruncate=yes
ac_cv_func_getopt_long=yes
ac_cv_func_getpagesize=yes
ac_cv_func_lockf=yes
ac_cv_func_mmap_fixed_mapped=yes
ac_cv_func_msync=yes
ac_cv_func_setlocale=yes
ac_cv_header_dlfcn_h=yes
ac_cv_header_getopt_h=yes
ac_cv_header_inttypes_h=yes
ac_cv_header_locale_h=yes
ac_cv_header_memory_h=yes
ac_cv_header_stdc=yes
ac_cv_header_stdint_h=yes
ac_cv_header_stdlib_h=yes
ac_cv_header_string_h=yes
ac_cv_header_strings_h=yes
ac_cv_header_sys_file_h=yes
ac_cv_header_sys_param_h=yes
ac_cv_header_sys_stat_h=yes
ac_cv_header_sys_termios_h=yes
ac_cv_header_sys_types_h=yes
ac_cv_header_unistd_h=yes
ac_cv_host=x86_64-unknown-linux-gnu
ac_cv_lib_curses___tputs=no
ac_cv_lib_dbm_main=no
ac_cv_lib_ncurses___tputs=no
ac_cv_lib_ndbm_main=no
ac_cv_lib_termcap___tputs=yes
ac_cv_member_struct_stat_st_blksize=yes
ac_cv_objext=o
ac_cv_path_BASE64_BIN=/usr/bin/base64
ac_cv_path_EGREP='/bin/grep -E'
ac_cv_path_FGREP='/bin/grep -F'
ac_cv_path_GMSGFMT=/usr/bin/msgfmt
ac_cv_path_GREP=/bin/grep
ac_cv_path_GZIP_BIN=/bin/gzip
ac_cv_path_MSGFMT=/usr/bin/msgfmt
ac_cv_path_MSGMERGE=/usr/bin/msgmerge
ac_cv_path_SED=/bin/sed
ac_cv_path_XGETTEXT=/usr/bin/xgettext
ac_cv_path_install='/usr/bin/install -c'
ac_cv_path_mkdir=/bin/mkdir
ac_cv_prog_AWK=gawk
ac_cv_prog_CPP='gcc-7 -E'
ac_cv_prog_ac_ct_AR=ar
ac_cv_prog_ac_ct_CC=gcc-7
ac_cv_prog_ac_ct_MANIFEST_TOOL=mt
ac_cv_prog_ac_ct_OBJDUMP=objdump
ac_cv_prog_ac_ct_RANLIB=ranlib
ac_cv_prog_ac_ct_STRIP=strip
ac_cv_prog_cc_c89=
ac_cv_prog_cc_g=yes
ac_cv_prog_make_make_set=yes
ac_cv_sizeof_off_t=8
ac_cv_sys_file_offset_bits=no
ac_cv_sys_largefile_CC=no
ac_cv_type_off_t=yes
ac_cv_type_unsigned_long_long_int=yes
acl_cv_hardcode_direct=no
acl_cv_hardcode_libdir_flag_spec='${wl}-rpath ${wl}$libdir'
acl_cv_hardcode_libdir_separator=
acl_cv_hardcode_minus_L=no
acl_cv_libext=a
acl_cv_libname_spec='lib$name'
acl_cv_library_names_spec='$libname$shrext'
acl_cv_path_LD='/home/linuxbrew/.linuxbrew/Homebrew/Library/Homebrew/shims/linux/super/ld -m elf_x86_64'
acl_cv_prog_gnu_ld=yes
acl_cv_rpath=done
acl_cv_shlibext=so
acl_cv_wl=-Wl,
am_cv_CC_dependencies_compiler_type=none
am_cv_make_support_nested_variables=yes
am_cv_prog_cc_c_o=yes
gdbm_cv__thread=__thread
gt_cv_func_CFLocaleCopyCurrent=no
gt_cv_func_CFPreferencesCopyAppValue=no
gt_cv_func_gnugettext2_libc=yes
lt_cv_ar_at_file=@
lt_cv_archive_cmds_need_lc=no
lt_cv_deplibs_check_method=pass_all
lt_cv_file_magic_cmd='$MAGIC_CMD'
lt_cv_file_magic_test_file=
lt_cv_ld_reload_flag=-r
lt_cv_nm_interface='BSD nm'
lt_cv_objdir=.libs
lt_cv_path_LD=/home/linuxbrew/.linuxbrew/Homebrew/Library/Homebrew/shims/linux/super/ld
lt_cv_path_NM='/usr/bin/nm -B'
lt_cv_path_mainfest_tool=no
lt_cv_prog_compiler_c_o=yes
lt_cv_prog_compiler_pic='-fPIC -DPIC'
lt_cv_prog_compiler_pic_works=yes
lt_cv_prog_compiler_rtti_exceptions=no
lt_cv_prog_compiler_static_works=yes
lt_cv_prog_gnu_ld=yes
lt_cv_sharedlib_from_linklib_cmd='printf %s\n'
lt_cv_shlibpath_overrides_runpath=yes
lt_cv_sys_global_symbol_pipe='sed -n -e '\''s/^.*[	 ]\([ABCDGIRSTW][ABCDGIRSTW]*\)[	 ][	 ]*\([_A-Za-z][_A-Za-z0-9]*\)$/\1 \2 \2/p'\'' | sed '\''/ __gnu_lto/d'\'''
lt_cv_sys_global_symbol_to_c_name_address='sed -n -e '\''s/^: \([^ ]*\)[ ]*$/  {\"\1\", (void *) 0},/p'\'' -e '\''s/^[ABCDGIRSTW]* \([^ ]*\) \([^ ]*\)$/  {"\2", (void *) \&\2},/p'\'''
lt_cv_sys_global_symbol_to_c_name_address_lib_prefix='sed -n -e '\''s/^: \([^ ]*\)[ ]*$/  {\"\1\", (void *) 0},/p'\'' -e '\''s/^[ABCDGIRSTW]* \([^ ]*\) \(lib[^ ]*\)$/  {"\2", (void *) \&\2},/p'\'' -e '\''s/^[ABCDGIRSTW]* \([^ ]*\) \([^ ]*\)$/  {"lib\2", (void *) \&\2},/p'\'''
lt_cv_sys_global_symbol_to_cdecl='sed -n -e '\''s/^T .* \(.*\)$/extern int \1();/p'\'' -e '\''s/^[ABCDGIRSTW]* .* \(.*\)$/extern char \1;/p'\'''
lt_cv_sys_max_cmd_len=1572864
lt_cv_to_host_file_cmd=func_convert_file_noop
lt_cv_to_tool_file_cmd=func_convert_file_noop

## ----------------- ##
## Output variables. ##
## ----------------- ##

ACLOCAL='${SHELL} /tmp/gdbm-20190108-30159-168i1hu/gdbm-1.18.1/build-aux/missing aclocal-1.15'
AMDEPBACKSLASH=''
AMDEP_FALSE=''
AMDEP_TRUE='#'
AMTAR='$${TAR-tar}'
AM_BACKSLASH='\'
AM_DEFAULT_V='$(AM_DEFAULT_VERBOSITY)'
AM_DEFAULT_VERBOSITY='1'
AM_V='$(V)'
AR='ar'
AUTOCONF='${SHELL} /tmp/gdbm-20190108-30159-168i1hu/gdbm-1.18.1/build-aux/missing autoconf'
AUTOHEADER='${SHELL} /tmp/gdbm-20190108-30159-168i1hu/gdbm-1.18.1/build-aux/missing autoheader'
AUTOM4TE='${SHELL} /tmp/gdbm-20190108-30159-168i1hu/gdbm-1.18.1/build-aux/missing autom4te'
AUTOMAKE='${SHELL} /tmp/gdbm-20190108-30159-168i1hu/gdbm-1.18.1/build-aux/missing automake-1.15'
AWK='gawk'
BASE64_BIN='/usr/bin/base64'
CC='gcc-7'
CCDEPMODE='depmode=none'
CFLAGS='-g -O2'
COMPATINCLUDEDIR='$(includedir)'
COMPAT_OPT_FALSE='#'
COMPAT_OPT_TRUE=''
COND_GDBMTOOL_DEBUG_FALSE=''
COND_GDBMTOOL_DEBUG_TRUE='#'
CPP='gcc-7 -E'
CPPFLAGS='-D_GNU_SOURCE'
CURSES_LIBS='-ltermcap'
CYGPATH_W='echo'
DEFS='-DHAVE_CONFIG_H'
DEPDIR='.deps'
DLLTOOL='false'
DSYMUTIL=''
DUMPBIN=''
ECHO_C=''
ECHO_N='-n'
ECHO_T=''
EGREP='/bin/grep -E'
EXEEXT=''
FGREP='/bin/grep -F'
GDBM_COND_DEBUG_ENABLE_FALSE=''
GDBM_COND_DEBUG_ENABLE_TRUE='#'
GDBM_COND_READLINE_FALSE=''
GDBM_COND_READLINE_TRUE='#'
GDBM_COUNT_T='unsigned long long int'
GDBM_DEBUG_ENABLE='0'
GDBM_VERSION_MAJOR='1'
GDBM_VERSION_MINOR='18'
GDBM_VERSION_PATCH='1'
GETTEXT_MACRO_VERSION='0.18'
GMSGFMT='/usr/bin/msgfmt'
GMSGFMT_015='/usr/bin/msgfmt'
GREP='/bin/grep'
GZIP_BIN='/bin/gzip'
INSTALL_DATA='${INSTALL} -m 644'
INSTALL_PROGRAM='${INSTALL}'
INSTALL_SCRIPT='${INSTALL}'
INSTALL_STRIP_PROGRAM='$(install_sh) -c -s'
INTLLIBS=''
INTL_MACOSX_LIBS=''
LD='/home/linuxbrew/.linuxbrew/Homebrew/Library/Homebrew/shims/linux/super/ld -m elf_x86_64'
LDFLAGS=''
LEX=':'
LEXLIB=''
LEX_OUTPUT_ROOT=''
LFLAGS_DEBUG=''
LIBICONV='-liconv'
LIBINTL=''
LIBOBJS=''
LIBS=''
LIBTOOL='$(SHELL) $(top_builddir)/libtool'
LIPO=''
LN_S='ln -s'
LTLIBICONV='-liconv'
LTLIBINTL=''
LTLIBOBJS=''
MAKEINFO='${SHELL} /tmp/gdbm-20190108-30159-168i1hu/gdbm-1.18.1/build-aux/missing makeinfo'
MANIFEST_TOOL=':'
MKDIR_P='/bin/mkdir -p'
MSGFMT='/usr/bin/msgfmt'
MSGFMT_015='/usr/bin/msgfmt'
MSGMERGE='/usr/bin/msgmerge'
NM='/usr/bin/nm -B'
NMEDIT=''
OBJDUMP='objdump'
OBJEXT='o'
OTOOL64=''
OTOOL=''
PACKAGE='gdbm'
PACKAGE_BUGREPORT='bug-gdbm@gnu.org'
PACKAGE_NAME='gdbm'
PACKAGE_STRING='gdbm 1.18.1'
PACKAGE_TARNAME='gdbm'
PACKAGE_URL='http://www.gnu.org/software/gdbm'
PACKAGE_VERSION='1.18.1'
PATH_SEPARATOR=':'
POSUB='po'
RANLIB='ranlib'
READLINE_LIBS=''
SED='/bin/sed'
SET_MAKE=''
SHELL='/bin/bash'
STRIP='strip'
USE_NLS='yes'
VERSION='1.18.1'
XGETTEXT='/usr/bin/xgettext'
XGETTEXT_015='/usr/bin/xgettext'
XGETTEXT_EXTRA_OPTIONS=''
YACC='yacc'
YFLAGS=''
YFLAGS_DEBUG=''
ac_ct_AR='ar'
ac_ct_CC='gcc-7'
ac_ct_DUMPBIN=''
am__EXEEXT_FALSE=''
am__EXEEXT_TRUE='#'
am__fastdepCC_FALSE=''
am__fastdepCC_TRUE='#'
am__include='include'
am__isrc=''
am__leading_dot='.'
am__nodep=''
am__quote=''
am__tar='$${TAR-tar} chof - "$$tardir"'
am__untar='$${TAR-tar} xf -'
bindir='${exec_prefix}/bin'
build='x86_64-unknown-linux-gnu'
build_alias=''
build_cpu='x86_64'
build_os='linux-gnu'
build_vendor='unknown'
datadir='${datarootdir}'
datarootdir='${prefix}/share'
docdir='${datarootdir}/doc/${PACKAGE_TARNAME}'
dvidir='${docdir}'
exec_prefix='${prefix}'
host='x86_64-unknown-linux-gnu'
host_alias=''
host_cpu='x86_64'
host_os='linux-gnu'
host_vendor='unknown'
htmldir='${docdir}'
includedir='${prefix}/include'
infodir='${datarootdir}/info'
install_sh='${SHELL} /tmp/gdbm-20190108-30159-168i1hu/gdbm-1.18.1/build-aux/install-sh'
libdir='${exec_prefix}/lib'
libexecdir='${exec_prefix}/libexec'
localedir='${datarootdir}/locale'
localstatedir='${prefix}/var'
mandir='${datarootdir}/man'
mkdir_p='/bin/mkdir -p'
oldincludedir='/usr/include'
pdfdir='${docdir}'
prefix='/home/linuxbrew/.linuxbrew/Cellar/gdbm/1.18.1'
program_transform_name='s,x,x,'
psdir='${docdir}'
sbindir='${exec_prefix}/sbin'
sharedstatedir='${prefix}/com'
sysconfdir='${prefix}/etc'
target_alias=''

## ----------- ##
## confdefs.h. ##
## ----------- ##

/* confdefs.h */
#define PACKAGE_NAME "gdbm"
#define PACKAGE_TARNAME "gdbm"
#define PACKAGE_VERSION "1.18.1"
#define PACKAGE_STRING "gdbm 1.18.1"
#define PACKAGE_BUGREPORT "bug-gdbm@gnu.org"
#define PACKAGE_URL "http://www.gnu.org/software/gdbm"
#define PACKAGE "gdbm"
#define VERSION "1.18.1"
#define STDC_HEADERS 1
#define HAVE_SYS_TYPES_H 1
#define HAVE_SYS_STAT_H 1
#define HAVE_STDLIB_H 1
#define HAVE_STRING_H 1
#define HAVE_MEMORY_H 1
#define HAVE_STRINGS_H 1
#define HAVE_INTTYPES_H 1
#define HAVE_STDINT_H 1
#define HAVE_UNISTD_H 1
#define HAVE_DLFCN_H 1
#define LT_OBJDIR ".libs/"
#define HAVE_UNSIGNED_LONG_LONG_INT 1
#define GDBM_THREAD_LOCAL __thread
#define ENABLE_NLS 1
#define HAVE_GETTEXT 1
#define HAVE_DCGETTEXT 1
#define HAVE_SYS_FILE_H 1
#define HAVE_SYS_TERMIOS_H 1
#define HAVE_STRING_H 1
#define HAVE_LOCALE_H 1
#define HAVE_GETOPT_H 1
#define HAVE_FTRUNCATE 1
#define HAVE_FLOCK 1
#define HAVE_LOCKF 1
#define HAVE_FSYNC 1
#define HAVE_SETLOCALE 1
#define HAVE_GETOPT_LONG 1
#define HAVE_STDLIB_H 1
#define HAVE_UNISTD_H 1
#define HAVE_SYS_PARAM_H 1
#define HAVE_GETPAGESIZE 1
#define HAVE_MMAP 1
#define HAVE_MSYNC 1
#define SIZEOF_OFF_T 8
#define HAVE_STRUCT_STAT_ST_BLKSIZE 1

configure: exit 0
