[2019-01-17 19:37:30.158] [exthost] [info] extension host started
[2019-01-17 19:37:30.179] [exthost] [info] ExtensionService#_doActivateExtension vscode.debug-auto-launch {"startup":true,"activationEvent":"*"}
[2019-01-17 19:37:30.179] [exthost] [info] ExtensionService#loadCommonJSModule /snap/vscode/74/usr/share/code/resources/app/extensions/debug-auto-launch/dist/extension
[2019-01-17 19:37:30.217] [exthost] [info] ExtensionService#_doActivateExtension vscode.emmet {"startup":true,"activationEvent":"*"}
[2019-01-17 19:37:30.217] [exthost] [info] ExtensionService#loadCommonJSModule /snap/vscode/74/usr/share/code/resources/app/extensions/emmet/dist/extension
[2019-01-17 19:37:30.253] [exthost] [info] ExtensionService#_doActivateExtension vscode.git {"startup":true,"activationEvent":"*"}
[2019-01-17 19:37:30.254] [exthost] [info] ExtensionService#loadCommonJSModule /snap/vscode/74/usr/share/code/resources/app/extensions/git/dist/main
[2019-01-17 19:37:30.443] [exthost] [info] ExtensionService#_doActivateExtension vscode.merge-conflict {"startup":true,"activationEvent":"*"}
[2019-01-17 19:37:30.443] [exthost] [info] ExtensionService#loadCommonJSModule /snap/vscode/74/usr/share/code/resources/app/extensions/merge-conflict/dist/extension
[2019-01-17 19:37:30.453] [exthost] [info] eager extensions activated
[2019-01-17 19:47:13.031] [exthost] [info] ExtensionService#_doActivateExtension vscode.configuration-editing {"startup":false,"activationEvent":"onLanguage:json"}
[2019-01-17 19:47:13.031] [exthost] [info] ExtensionService#loadCommonJSModule /snap/vscode/74/usr/share/code/resources/app/extensions/configuration-editing/dist/extension
[2019-01-17 19:47:13.050] [exthost] [info] ExtensionService#_doActivateExtension vscode.extension-editing {"startup":false,"activationEvent":"onLanguage:json"}
[2019-01-17 19:47:13.050] [exthost] [info] ExtensionService#loadCommonJSModule /snap/vscode/74/usr/share/code/resources/app/extensions/extension-editing/dist/extension
[2019-01-17 19:47:13.109] [exthost] [info] ExtensionService#_doActivateExtension vscode.json-language-features {"startup":false,"activationEvent":"onLanguage:json"}
[2019-01-17 19:47:13.109] [exthost] [info] ExtensionService#loadCommonJSModule /snap/vscode/74/usr/share/code/resources/app/extensions/json-language-features/client/dist/jsonMain
[2019-01-17 19:47:13.192] [exthost] [info] ExtensionService#_doActivateExtension vscode.npm {"startup":false,"activationEvent":"onLanguage:json"}
[2019-01-17 19:47:13.192] [exthost] [info] ExtensionService#loadCommonJSModule /snap/vscode/74/usr/share/code/resources/app/extensions/npm/dist/main
[2019-01-17 19:47:13.694] [exthost] [info] ExtensionService#_doActivateExtension vscode.typescript-language-features {"startup":false,"activationEvent":"onLanguage:jsonc"}
[2019-01-17 19:47:13.694] [exthost] [info] ExtensionService#loadCommonJSModule /snap/vscode/74/usr/share/code/resources/app/extensions/typescript-language-features/dist/extension
